#
# There is insufficient memory for the Java Runtime Environment to continue.
# Native memory allocation (malloc) failed to allocate 4088 bytes for char in C:\jdk7u2_64p\jdk7u21\hotspot\src\share\vm\utilities/stack.inline.hpp
# Possible reasons:
#   The system is out of physical RAM or swap space
#   In 32 bit mode, the process size limit was hit
# Possible solutions:
#   Reduce memory load on the system
#   Increase physical memory or swap space
#   Check if swap backing store is full
#   Use 64 bit Java on a 64 bit OS
#   Decrease Java heap size (-Xmx/-Xms)
#   Decrease number of Java threads
#   Decrease Java thread stack sizes (-Xss)
#   Set larger code cache with -XX:ReservedCodeCacheSize=
# This output file may be truncated or incomplete.
#
#  Out of Memory Error (memory/allocation.inline.hpp:58), pid=18120, tid=11400
#
# JRE version: 7.0_21-b11
# Java VM: Java HotSpot(TM) 64-Bit Server VM (23.21-b01 mixed mode windows-amd64 compressed oops)
# Failed to write core dump. Minidumps are not enabled by default on client versions of Windows
#

---------------  T H R E A D  ---------------

Current thread (0x0000000002664800):  GCTaskThread [stack: 0x0000000008340000,0x0000000008440000] [id=11400]

Stack: [0x0000000008340000,0x0000000008440000]

---------------  P R O C E S S  ---------------

Java Threads: ( => current thread )
  0x0000000028ddc800 JavaThread "pool-1-thread-200" [_thread_blocked, id=18484, stack(0x0000000039dc0000,0x0000000039ec0000)]
  0x0000000028ddc000 JavaThread "pool-1-thread-199" [_thread_blocked, id=10464, stack(0x0000000039c60000,0x0000000039d60000)]
  0x0000000028ddb000 JavaThread "pool-1-thread-198" [_thread_blocked, id=16884, stack(0x00000000398f0000,0x00000000399f0000)]
  0x0000000028dda800 JavaThread "pool-1-thread-197" [_thread_blocked, id=15376, stack(0x0000000039a00000,0x0000000039b00000)]
  0x0000000028dd9800 JavaThread "pool-1-thread-196" [_thread_blocked, id=14948, stack(0x0000000039770000,0x0000000039870000)]
  0x0000000028dd8800 JavaThread "pool-1-thread-195" [_thread_blocked, id=19300, stack(0x00000000393b0000,0x00000000394b0000)]
  0x0000000028dd8000 JavaThread "pool-1-thread-194" [_thread_blocked, id=18428, stack(0x0000000039540000,0x0000000039640000)]
  0x0000000028dd7000 JavaThread "pool-1-thread-193" [_thread_blocked, id=18328, stack(0x0000000038b90000,0x0000000038c90000)]
  0x0000000028dd6800 JavaThread "pool-1-thread-192" [_thread_blocked, id=17836, stack(0x0000000039260000,0x0000000039360000)]
  0x0000000028dd5800 JavaThread "pool-1-thread-191" [_thread_blocked, id=11292, stack(0x00000000390f0000,0x00000000391f0000)]
  0x0000000028dd5000 JavaThread "pool-1-thread-190" [_thread_blocked, id=14516, stack(0x0000000038fa0000,0x00000000390a0000)]
  0x0000000028dd4000 JavaThread "pool-1-thread-189" [_thread_blocked, id=16920, stack(0x0000000038ea0000,0x0000000038fa0000)]
  0x0000000028d99800 JavaThread "pool-1-thread-188" [_thread_blocked, id=15912, stack(0x0000000038d60000,0x0000000038e60000)]
  0x0000000028d98800 JavaThread "pool-1-thread-187" [_thread_blocked, id=16492, stack(0x0000000038a90000,0x0000000038b90000)]
  0x0000000028d98000 JavaThread "pool-1-thread-186" [_thread_blocked, id=3212, stack(0x0000000038930000,0x0000000038a30000)]
  0x0000000028d97000 JavaThread "pool-1-thread-185" [_thread_blocked, id=19024, stack(0x00000000383a0000,0x00000000384a0000)]
  0x0000000028d96000 JavaThread "pool-1-thread-184" [_thread_blocked, id=19512, stack(0x00000000387d0000,0x00000000388d0000)]
  0x0000000028d95800 JavaThread "pool-1-thread-183" [_thread_blocked, id=16004, stack(0x0000000038610000,0x0000000038710000)]
  0x0000000028d94800 JavaThread "pool-1-thread-182" [_thread_blocked, id=2440, stack(0x0000000038510000,0x0000000038610000)]
  0x0000000028d94000 JavaThread "pool-1-thread-181" [_thread_blocked, id=11856, stack(0x0000000038230000,0x0000000038330000)]
  0x0000000028d93000 JavaThread "pool-1-thread-180" [_thread_blocked, id=20436, stack(0x0000000037fa0000,0x00000000380a0000)]
  0x0000000028d92800 JavaThread "pool-1-thread-179" [_thread_blocked, id=14396, stack(0x00000000380a0000,0x00000000381a0000)]
  0x0000000028d91800 JavaThread "pool-1-thread-178" [_thread_blocked, id=18396, stack(0x0000000037d30000,0x0000000037e30000)]
  0x0000000028d91000 JavaThread "pool-1-thread-177" [_thread_blocked, id=18804, stack(0x0000000037e70000,0x0000000037f70000)]
  0x0000000028d90000 JavaThread "pool-1-thread-176" [_thread_blocked, id=18660, stack(0x0000000036e80000,0x0000000036f80000)]
  0x0000000028d8f800 JavaThread "pool-1-thread-175" [_thread_blocked, id=17504, stack(0x0000000037bb0000,0x0000000037cb0000)]
  0x0000000028d8e800 JavaThread "pool-1-thread-174" [_thread_blocked, id=16020, stack(0x00000000379e0000,0x0000000037ae0000)]
  0x0000000028d8e000 JavaThread "pool-1-thread-173" [_thread_blocked, id=13840, stack(0x0000000036390000,0x0000000036490000)]
  0x0000000028d8d000 JavaThread "pool-1-thread-172" [_thread_blocked, id=12096, stack(0x0000000035f30000,0x0000000036030000)]
  0x0000000028d8c800 JavaThread "pool-1-thread-171" [_thread_blocked, id=19908, stack(0x0000000037870000,0x0000000037970000)]
  0x0000000028d8b800 JavaThread "pool-1-thread-170" [_thread_blocked, id=12152, stack(0x00000000376a0000,0x00000000377a0000)]
  0x0000000028d8b000 JavaThread "pool-1-thread-169" [_thread_blocked, id=18580, stack(0x00000000374b0000,0x00000000375b0000)]
  0x0000000028d8a000 JavaThread "pool-1-thread-168" [_thread_blocked, id=6808, stack(0x00000000372e0000,0x00000000373e0000)]
  0x0000000028d6d800 JavaThread "pool-1-thread-167" [_thread_blocked, id=16860, stack(0x00000000371c0000,0x00000000372c0000)]
  0x0000000028d6c800 JavaThread "pool-1-thread-166" [_thread_blocked, id=7052, stack(0x0000000036fe0000,0x00000000370e0000)]
  0x0000000028d6c000 JavaThread "pool-1-thread-165" [_thread_blocked, id=18900, stack(0x0000000036c40000,0x0000000036d40000)]
  0x0000000028d6b000 JavaThread "pool-1-thread-164" [_thread_blocked, id=19304, stack(0x0000000036d80000,0x0000000036e80000)]
  0x0000000028d6a000 JavaThread "pool-1-thread-163" [_thread_blocked, id=18220, stack(0x0000000036b10000,0x0000000036c10000)]
  0x0000000028d69800 JavaThread "pool-1-thread-162" [_thread_blocked, id=17812, stack(0x0000000036a00000,0x0000000036b00000)]
  0x0000000028d68800 JavaThread "pool-1-thread-161" [_thread_blocked, id=17728, stack(0x00000000368f0000,0x00000000369f0000)]
  0x0000000028d68000 JavaThread "pool-1-thread-160" [_thread_blocked, id=8980, stack(0x0000000036790000,0x0000000036890000)]
  0x0000000028d67000 JavaThread "pool-1-thread-159" [_thread_blocked, id=20216, stack(0x00000000365a0000,0x00000000366a0000)]
  0x0000000028d66800 JavaThread "pool-1-thread-158" [_thread_blocked, id=20296, stack(0x0000000036180000,0x0000000036280000)]
  0x0000000028d65800 JavaThread "pool-1-thread-157" [_thread_blocked, id=19836, stack(0x00000000364a0000,0x00000000365a0000)]
  0x0000000028d65000 JavaThread "pool-1-thread-156" [_thread_blocked, id=19060, stack(0x0000000036290000,0x0000000036390000)]
  0x0000000028d64000 JavaThread "pool-1-thread-155" [_thread_blocked, id=19220, stack(0x0000000036030000,0x0000000036130000)]
  0x0000000028d63800 JavaThread "pool-1-thread-154" [_thread_blocked, id=17744, stack(0x0000000035b00000,0x0000000035c00000)]
  0x0000000028d62800 JavaThread "pool-1-thread-153" [_thread_blocked, id=20428, stack(0x0000000035d30000,0x0000000035e30000)]
  0x0000000028d62000 JavaThread "pool-1-thread-152" [_thread_blocked, id=18572, stack(0x00000000335b0000,0x00000000336b0000)]
  0x0000000028d61000 JavaThread "pool-1-thread-151" [_thread_blocked, id=17788, stack(0x0000000035e30000,0x0000000035f30000)]
  0x0000000028d60800 JavaThread "pool-1-thread-150" [_thread_blocked, id=5144, stack(0x0000000035c00000,0x0000000035d00000)]
  0x0000000028d5f800 JavaThread "pool-1-thread-149" [_thread_blocked, id=19200, stack(0x0000000035980000,0x0000000035a80000)]
  0x0000000028d5f000 JavaThread "pool-1-thread-148" [_thread_blocked, id=11372, stack(0x0000000035830000,0x0000000035930000)]
  0x0000000028d5e000 JavaThread "pool-1-thread-147" [_thread_blocked, id=20240, stack(0x0000000035660000,0x0000000035760000)]
  0x0000000028bd8000 JavaThread "pool-1-thread-146" [_thread_blocked, id=17360, stack(0x0000000034e40000,0x0000000034f40000)]
  0x0000000028bd7800 JavaThread "pool-1-thread-145" [_thread_blocked, id=10984, stack(0x0000000034450000,0x0000000034550000)]
  0x0000000028bd6800 JavaThread "pool-1-thread-144" [_thread_blocked, id=14524, stack(0x0000000035550000,0x0000000035650000)]
  0x0000000028bd6000 JavaThread "pool-1-thread-143" [_thread_blocked, id=13064, stack(0x00000000353d0000,0x00000000354d0000)]
  0x0000000028bd5000 JavaThread "pool-1-thread-142" [_thread_blocked, id=5456, stack(0x0000000035250000,0x0000000035350000)]
  0x0000000028bd4800 JavaThread "pool-1-thread-141" [_thread_blocked, id=14480, stack(0x0000000035080000,0x0000000035180000)]
  0x0000000028bd3800 JavaThread "pool-1-thread-140" [_thread_blocked, id=13092, stack(0x0000000034f80000,0x0000000035080000)]
  0x0000000028bd3000 JavaThread "pool-1-thread-139" [_thread_blocked, id=14872, stack(0x0000000034d40000,0x0000000034e40000)]
  0x0000000028bd2000 JavaThread "pool-1-thread-138" [_thread_blocked, id=14296, stack(0x0000000034c10000,0x0000000034d10000)]
  0x0000000028bd1800 JavaThread "pool-1-thread-137" [_thread_blocked, id=13756, stack(0x0000000034b10000,0x0000000034c10000)]
  0x0000000028bd0800 JavaThread "pool-1-thread-136" [_thread_blocked, id=2588, stack(0x0000000034660000,0x0000000034760000)]
  0x0000000028bd0000 JavaThread "pool-1-thread-135" [_thread_blocked, id=15704, stack(0x0000000034960000,0x0000000034a60000)]
  0x0000000028bcf000 JavaThread "pool-1-thread-134" [_thread_blocked, id=7348, stack(0x0000000034770000,0x0000000034870000)]
  0x0000000028bce800 JavaThread "pool-1-thread-133" [_thread_blocked, id=11028, stack(0x0000000034550000,0x0000000034650000)]
  0x0000000028bcd800 JavaThread "pool-1-thread-132" [_thread_blocked, id=17080, stack(0x0000000034300000,0x0000000034400000)]
  0x0000000028bcd000 JavaThread "pool-1-thread-131" [_thread_blocked, id=20272, stack(0x0000000034120000,0x0000000034220000)]
  0x0000000028bcc000 JavaThread "pool-1-thread-130" [_thread_blocked, id=14616, stack(0x0000000033e70000,0x0000000033f70000)]
  0x0000000028bcb800 JavaThread "pool-1-thread-129" [_thread_blocked, id=15708, stack(0x0000000034000000,0x0000000034100000)]
  0x0000000028bca800 JavaThread "pool-1-thread-128" [_thread_blocked, id=20356, stack(0x0000000033820000,0x0000000033920000)]
  0x0000000028bca000 JavaThread "pool-1-thread-127" [_thread_blocked, id=15748, stack(0x0000000033d50000,0x0000000033e50000)]
  0x0000000028bc9000 JavaThread "pool-1-thread-126" [_thread_blocked, id=19376, stack(0x0000000032f40000,0x0000000033040000)]
  0x0000000028ba8000 JavaThread "pool-1-thread-125" [_thread_blocked, id=16736, stack(0x0000000033ba0000,0x0000000033ca0000)]
  0x0000000028ba7800 JavaThread "pool-1-thread-124" [_thread_blocked, id=11932, stack(0x0000000033a60000,0x0000000033b60000)]
  0x0000000028ba6800 JavaThread "pool-1-thread-123" [_thread_blocked, id=20340, stack(0x0000000033930000,0x0000000033a30000)]
  0x0000000028ba6000 JavaThread "pool-1-thread-122" [_thread_blocked, id=19388, stack(0x0000000032d30000,0x0000000032e30000)]
  0x0000000028ba5000 JavaThread "pool-1-thread-121" [_thread_blocked, id=13520, stack(0x00000000336d0000,0x00000000337d0000)]
  0x0000000028ba4800 JavaThread "pool-1-thread-120" [_thread_blocked, id=19168, stack(0x0000000031730000,0x0000000031830000)]
  0x0000000028ba3800 JavaThread "pool-1-thread-119" [_thread_blocked, id=13160, stack(0x00000000334b0000,0x00000000335b0000)]
  0x0000000028ba3000 JavaThread "pool-1-thread-118" [_thread_blocked, id=20312, stack(0x0000000033310000,0x0000000033410000)]
  0x0000000028ba2000 JavaThread "pool-1-thread-117" [_thread_blocked, id=18512, stack(0x00000000329e0000,0x0000000032ae0000)]
  0x0000000028ba1800 JavaThread "pool-1-thread-116" [_thread_blocked, id=18068, stack(0x00000000331d0000,0x00000000332d0000)]
  0x0000000028ba0800 JavaThread "pool-1-thread-115" [_thread_blocked, id=14232, stack(0x0000000033040000,0x0000000033140000)]
  0x0000000028ba0000 JavaThread "pool-1-thread-114" [_thread_blocked, id=14436, stack(0x00000000327b0000,0x00000000328b0000)]
  0x0000000028b9f000 JavaThread "pool-1-thread-113" [_thread_blocked, id=4516, stack(0x0000000032e30000,0x0000000032f30000)]
  0x0000000028b9e800 JavaThread "pool-1-thread-112" [_thread_blocked, id=18016, stack(0x0000000032c10000,0x0000000032d10000)]
  0x0000000028b9d800 JavaThread "pool-1-thread-111" [_thread_blocked, id=18888, stack(0x0000000032af0000,0x0000000032bf0000)]
  0x0000000028b9d000 JavaThread "pool-1-thread-110" [_thread_blocked, id=13976, stack(0x00000000328b0000,0x00000000329b0000)]
  0x0000000028b9c000 JavaThread "pool-1-thread-109" [_thread_blocked, id=20044, stack(0x0000000032030000,0x0000000032130000)]
  0x0000000028b9b800 JavaThread "pool-1-thread-108" [_thread_blocked, id=20212, stack(0x00000000326b0000,0x00000000327b0000)]
  0x0000000028b9a800 JavaThread "pool-1-thread-107" [_thread_blocked, id=12428, stack(0x00000000312c0000,0x00000000313c0000)]
  0x0000000028b9a000 JavaThread "pool-1-thread-106" [_thread_blocked, id=14348, stack(0x00000000324e0000,0x00000000325e0000)]
  0x0000000028b99000 JavaThread "pool-1-thread-105" [_thread_blocked, id=18508, stack(0x0000000032370000,0x0000000032470000)]
  0x0000000028c0a000 JavaThread "pool-1-thread-104" [_thread_blocked, id=17616, stack(0x0000000032180000,0x0000000032280000)]
  0x0000000028c09800 JavaThread "pool-1-thread-103" [_thread_blocked, id=18792, stack(0x0000000031d90000,0x0000000031e90000)]
  0x0000000028c08800 JavaThread "pool-1-thread-102" [_thread_blocked, id=9696, stack(0x0000000031ef0000,0x0000000031ff0000)]
  0x0000000028c08000 JavaThread "pool-1-thread-101" [_thread_blocked, id=18476, stack(0x0000000030170000,0x0000000030270000)]
  0x0000000028c07000 JavaThread "pool-1-thread-100" [_thread_blocked, id=17572, stack(0x0000000031c90000,0x0000000031d90000)]
  0x0000000028c06800 JavaThread "pool-1-thread-99" [_thread_blocked, id=17908, stack(0x0000000031b80000,0x0000000031c80000)]
  0x0000000028c05800 JavaThread "pool-1-thread-98" [_thread_blocked, id=13536, stack(0x0000000031500000,0x0000000031600000)]
  0x0000000028c05000 JavaThread "pool-1-thread-97" [_thread_blocked, id=6528, stack(0x0000000031990000,0x0000000031a90000)]
  0x0000000028c04000 JavaThread "pool-1-thread-96" [_thread_blocked, id=15476, stack(0x0000000031830000,0x0000000031930000)]
  0x0000000028c03800 JavaThread "pool-1-thread-95" [_thread_blocked, id=14288, stack(0x0000000031610000,0x0000000031710000)]
  0x0000000028c02800 JavaThread "pool-1-thread-94" [_thread_blocked, id=18876, stack(0x00000000313e0000,0x00000000314e0000)]
  0x0000000028c02000 JavaThread "pool-1-thread-93" [_thread_blocked, id=8800, stack(0x0000000030c90000,0x0000000030d90000)]
  0x0000000028c01000 JavaThread "pool-1-thread-92" [_thread_blocked, id=19320, stack(0x00000000311c0000,0x00000000312c0000)]
  0x0000000028c00800 JavaThread "pool-1-thread-91" [_thread_blocked, id=17936, stack(0x0000000031000000,0x0000000031100000)]
  0x0000000028bff800 JavaThread "pool-1-thread-90" [_thread_blocked, id=18616, stack(0x0000000030ee0000,0x0000000030fe0000)]
  0x0000000028bff000 JavaThread "pool-1-thread-89" [_thread_blocked, id=15528, stack(0x0000000030dd0000,0x0000000030ed0000)]
  0x0000000028bfe000 JavaThread "pool-1-thread-88" [_thread_blocked, id=16516, stack(0x0000000030b50000,0x0000000030c50000)]
  0x0000000028bfd800 JavaThread "pool-1-thread-87" [_thread_blocked, id=17948, stack(0x000000002ff20000,0x0000000030020000)]
  0x0000000028bfc800 JavaThread "pool-1-thread-86" [_thread_blocked, id=17868, stack(0x000000002fb50000,0x000000002fc50000)]
  0x0000000028bfc000 JavaThread "pool-1-thread-85" [_thread_blocked, id=17712, stack(0x0000000030a20000,0x0000000030b20000)]
  0x0000000028bfb000 JavaThread "pool-1-thread-84" [_thread_blocked, id=11032, stack(0x0000000030910000,0x0000000030a10000)]
  0x0000000028b87800 JavaThread "pool-1-thread-83" [_thread_blocked, id=14448, stack(0x0000000030720000,0x0000000030820000)]
  0x0000000028b86800 JavaThread "pool-1-thread-82" [_thread_blocked, id=17204, stack(0x00000000305b0000,0x00000000306b0000)]
  0x0000000028b86000 JavaThread "pool-1-thread-81" [_thread_blocked, id=18148, stack(0x0000000030410000,0x0000000030510000)]
  0x0000000028b85000 JavaThread "pool-1-thread-80" [_thread_blocked, id=11840, stack(0x0000000030270000,0x0000000030370000)]
  0x0000000028b84800 JavaThread "pool-1-thread-79" [_thread_blocked, id=14768, stack(0x0000000030040000,0x0000000030140000)]
  0x0000000028b83800 JavaThread "pool-1-thread-78" [_thread_blocked, id=15456, stack(0x000000002fdf0000,0x000000002fef0000)]
  0x0000000028b83000 JavaThread "pool-1-thread-77" [_thread_blocked, id=19240, stack(0x000000002fc60000,0x000000002fd60000)]
  0x0000000028b82000 JavaThread "pool-1-thread-76" [_thread_blocked, id=1748, stack(0x000000002f6d0000,0x000000002f7d0000)]
  0x0000000028b81800 JavaThread "pool-1-thread-75" [_thread_blocked, id=16876, stack(0x000000002fa20000,0x000000002fb20000)]
  0x0000000028b80800 JavaThread "pool-1-thread-74" [_thread_blocked, id=15516, stack(0x000000002f840000,0x000000002f940000)]
  0x0000000028b80000 JavaThread "pool-1-thread-73" [_thread_blocked, id=1784, stack(0x000000002f580000,0x000000002f680000)]
  0x0000000028b7f000 JavaThread "pool-1-thread-72" [_thread_blocked, id=18136, stack(0x000000002f410000,0x000000002f510000)]
  0x0000000028b7e800 JavaThread "pool-1-thread-71" [_thread_blocked, id=18208, stack(0x000000002f280000,0x000000002f380000)]
  0x0000000028b7d800 JavaThread "pool-1-thread-70" [_thread_blocked, id=20064, stack(0x000000002f130000,0x000000002f230000)]
  0x0000000028b7d000 JavaThread "pool-1-thread-69" [_thread_blocked, id=18164, stack(0x000000002d190000,0x000000002d290000)]
  0x0000000028b7c000 JavaThread "pool-1-thread-68" [_thread_blocked, id=16692, stack(0x000000002f030000,0x000000002f130000)]
  0x0000000028b7b800 JavaThread "pool-1-thread-67" [_thread_blocked, id=18384, stack(0x000000002edb0000,0x000000002eeb0000)]
  0x0000000028b7a800 JavaThread "pool-1-thread-66" [_thread_blocked, id=4524, stack(0x000000002eec0000,0x000000002efc0000)]
  0x0000000028b7a000 JavaThread "pool-1-thread-65" [_thread_blocked, id=20076, stack(0x000000002eb20000,0x000000002ec20000)]
  0x0000000028b79000 JavaThread "pool-1-thread-64" [_thread_blocked, id=18400, stack(0x000000002ec80000,0x000000002ed80000)]
  0x0000000028b78800 JavaThread "pool-1-thread-63" [_thread_blocked, id=15296, stack(0x000000002e8f0000,0x000000002e9f0000)]
  0x0000000028d36000 JavaThread "pool-1-thread-62" [_thread_blocked, id=16160, stack(0x000000002e9f0000,0x000000002eaf0000)]
  0x0000000028d35000 JavaThread "pool-1-thread-61" [_thread_blocked, id=19400, stack(0x000000002a350000,0x000000002a450000)]
  0x0000000028d34800 JavaThread "pool-1-thread-60" [_thread_blocked, id=20140, stack(0x000000002e790000,0x000000002e890000)]
  0x0000000028d33800 JavaThread "pool-1-thread-59" [_thread_blocked, id=8016, stack(0x000000002e5e0000,0x000000002e6e0000)]
  0x0000000028d33000 JavaThread "pool-1-thread-58" [_thread_blocked, id=17988, stack(0x000000002e1a0000,0x000000002e2a0000)]
  0x0000000028d32000 JavaThread "pool-1-thread-57" [_thread_blocked, id=16116, stack(0x000000002e450000,0x000000002e550000)]
  0x0000000028d31800 JavaThread "pool-1-thread-56" [_thread_blocked, id=14152, stack(0x000000002e2b0000,0x000000002e3b0000)]
  0x0000000028d30800 JavaThread "pool-1-thread-55" [_thread_blocked, id=17760, stack(0x000000002e030000,0x000000002e130000)]
  0x0000000028d30000 JavaThread "pool-1-thread-54" [_thread_blocked, id=13500, stack(0x000000002dd30000,0x000000002de30000)]
  0x0000000028d2f000 JavaThread "pool-1-thread-53" [_thread_blocked, id=19576, stack(0x000000002de60000,0x000000002df60000)]
  0x0000000028d2e800 JavaThread "pool-1-thread-52" [_thread_blocked, id=2160, stack(0x000000002d9f0000,0x000000002daf0000)]
  0x0000000028d2d800 JavaThread "pool-1-thread-51" [_thread_blocked, id=17652, stack(0x000000002dc10000,0x000000002dd10000)]
  0x0000000028d2d000 JavaThread "pool-1-thread-50" [_thread_blocked, id=15352, stack(0x000000002daf0000,0x000000002dbf0000)]
  0x0000000028d2c000 JavaThread "pool-1-thread-49" [_thread_blocked, id=12760, stack(0x000000002d8e0000,0x000000002d9e0000)]
  0x0000000028d2b800 JavaThread "pool-1-thread-48" [_thread_blocked, id=14588, stack(0x000000002d640000,0x000000002d740000)]
  0x0000000028d2a800 JavaThread "pool-1-thread-47" [_thread_blocked, id=14204, stack(0x000000002d770000,0x000000002d870000)]
  0x0000000028d2a000 JavaThread "pool-1-thread-46" [_thread_blocked, id=18924, stack(0x000000002d3a0000,0x000000002d4a0000)]
  0x0000000028d29000 JavaThread "pool-1-thread-45" [_thread_blocked, id=19948, stack(0x000000002d4b0000,0x000000002d5b0000)]
  0x0000000028d28800 JavaThread "pool-1-thread-44" [_thread_blocked, id=20368, stack(0x000000002cd80000,0x000000002ce80000)]
  0x0000000028d27800 JavaThread "pool-1-thread-43" [_thread_blocked, id=18988, stack(0x000000002cf90000,0x000000002d090000)]
  0x0000000028d26800 JavaThread "pool-1-thread-42" [_thread_blocked, id=19812, stack(0x000000002d290000,0x000000002d390000)]
  0x0000000028c85800 JavaThread "pool-1-thread-41" [_thread_blocked, id=19316, stack(0x000000002d090000,0x000000002d190000)]
  0x0000000028c84800 JavaThread "pool-1-thread-40" [_thread_blocked, id=19668, stack(0x000000002ce90000,0x000000002cf90000)]
  0x0000000028c84000 JavaThread "pool-1-thread-39" [_thread_blocked, id=19552, stack(0x000000002cc20000,0x000000002cd20000)]
  0x0000000028c83000 JavaThread "pool-1-thread-38" [_thread_blocked, id=20220, stack(0x000000002cb20000,0x000000002cc20000)]
  0x0000000028c82800 JavaThread "pool-1-thread-37" [_thread_blocked, id=14624, stack(0x000000002c940000,0x000000002ca40000)]
  0x0000000028c81800 JavaThread "pool-1-thread-36" [_thread_blocked, id=12044, stack(0x000000002c2c0000,0x000000002c3c0000)]
  0x0000000028c81000 JavaThread "pool-1-thread-35" [_thread_blocked, id=20284, stack(0x000000002c820000,0x000000002c920000)]
  0x0000000028c80000 JavaThread "pool-1-thread-34" [_thread_blocked, id=3208, stack(0x000000002c680000,0x000000002c780000)]
  0x0000000028c7f800 JavaThread "pool-1-thread-33" [_thread_blocked, id=15520, stack(0x000000002c510000,0x000000002c610000)]
  0x0000000028c7e800 JavaThread "pool-1-thread-32" [_thread_blocked, id=10536, stack(0x000000002c3e0000,0x000000002c4e0000)]
  0x0000000028c7e000 JavaThread "pool-1-thread-31" [_thread_blocked, id=19728, stack(0x000000002c000000,0x000000002c100000)]
  0x0000000028c7d000 JavaThread "pool-1-thread-30" [_thread_blocked, id=19368, stack(0x000000002c160000,0x000000002c260000)]
  0x0000000028c7c800 JavaThread "pool-1-thread-29" [_thread_blocked, id=18364, stack(0x000000002bec0000,0x000000002bfc0000)]
  0x0000000028c7b800 JavaThread "pool-1-thread-28" [_thread_blocked, id=18968, stack(0x000000002bd90000,0x000000002be90000)]
  0x0000000028c7b000 JavaThread "pool-1-thread-27" [_thread_blocked, id=19356, stack(0x000000002bc00000,0x000000002bd00000)]
  0x0000000028c7a000 JavaThread "pool-1-thread-26" [_thread_blocked, id=19092, stack(0x000000002ba30000,0x000000002bb30000)]
  0x0000000028c79800 JavaThread "pool-1-thread-25" [_thread_blocked, id=17036, stack(0x000000002b910000,0x000000002ba10000)]
  0x0000000028c78800 JavaThread "pool-1-thread-24" [_thread_blocked, id=20068, stack(0x000000002afe0000,0x000000002b0e0000)]
  0x0000000028c78000 JavaThread "pool-1-thread-23" [_thread_blocked, id=10368, stack(0x000000002b720000,0x000000002b820000)]
  0x0000000028c77000 JavaThread "pool-1-thread-22" [_thread_blocked, id=18824, stack(0x000000002b5a0000,0x000000002b6a0000)]
  0x0000000028c76800 JavaThread "pool-1-thread-21" [_thread_blocked, id=20160, stack(0x000000002b3f0000,0x000000002b4f0000)]
  0x000000000eb61000 JavaThread "pool-1-thread-20" [_thread_blocked, id=19572, stack(0x000000002abf0000,0x000000002acf0000)]
  0x000000000eb60800 JavaThread "pool-1-thread-19" [_thread_blocked, id=18908, stack(0x000000002b260000,0x000000002b360000)]
  0x000000000eb5f800 JavaThread "pool-1-thread-18" [_thread_blocked, id=4260, stack(0x000000002b0f0000,0x000000002b1f0000)]
  0x000000000eb5f000 JavaThread "pool-1-thread-17" [_thread_blocked, id=18844, stack(0x000000002aed0000,0x000000002afd0000)]
  0x000000000eb5e000 JavaThread "pool-1-thread-16" [_thread_blocked, id=10076, stack(0x000000002ad10000,0x000000002ae10000)]
  0x000000000eb5d800 JavaThread "pool-1-thread-15" [_thread_blocked, id=9096, stack(0x00000000298a0000,0x00000000299a0000)]
  0x000000000eb5c800 JavaThread "pool-1-thread-14" [_thread_blocked, id=17188, stack(0x000000002a920000,0x000000002aa20000)]
  0x000000000eb5b800 JavaThread "pool-1-thread-13" [_thread_blocked, id=17488, stack(0x000000002aa70000,0x000000002ab70000)]
  0x000000000eb5b000 JavaThread "pool-1-thread-12" [_thread_blocked, id=19976, stack(0x000000002a810000,0x000000002a910000)]
  0x000000000eb5a000 JavaThread "pool-1-thread-11" [_thread_blocked, id=18124, stack(0x00000000296e0000,0x00000000297e0000)]
  0x000000000eb59800 JavaThread "pool-1-thread-10" [_thread_blocked, id=6576, stack(0x000000002a6f0000,0x000000002a7f0000)]
  0x000000000eb58800 JavaThread "pool-1-thread-9" [_thread_blocked, id=19724, stack(0x000000002a580000,0x000000002a680000)]
  0x000000000eb58000 JavaThread "pool-1-thread-8" [_thread_blocked, id=18548, stack(0x000000002a460000,0x000000002a560000)]
  0x000000000eb57000 JavaThread "pool-1-thread-7" [_thread_blocked, id=5584, stack(0x000000002a250000,0x000000002a350000)]
  0x000000000eb56800 JavaThread "pool-1-thread-6" [_thread_blocked, id=11556, stack(0x000000002a0b0000,0x000000002a1b0000)]
  0x000000000eb55800 JavaThread "pool-1-thread-5" [_thread_blocked, id=19804, stack(0x0000000029460000,0x0000000029560000)]
  0x000000000eb55000 JavaThread "pool-1-thread-4" [_thread_blocked, id=19840, stack(0x0000000029f30000,0x000000002a030000)]
  0x000000000eb54000 JavaThread "pool-1-thread-3" [_thread_blocked, id=19360, stack(0x0000000029e00000,0x0000000029f00000)]
  0x000000000eb53800 JavaThread "pool-1-thread-2" [_thread_blocked, id=15976, stack(0x0000000029c60000,0x0000000029d60000)]
  0x000000000eb52800 JavaThread "pool-1-thread-1" [_thread_blocked, id=18856, stack(0x0000000029a80000,0x0000000029b80000)]
  0x000000000eb52000 JavaThread "Service Thread" daemon [_thread_blocked, id=15764, stack(0x0000000028790000,0x0000000028890000)]
  0x000000000eb51000 JavaThread "C2 CompilerThread1" daemon [_thread_blocked, id=19068, stack(0x00000000283a0000,0x00000000284a0000)]
  0x000000000eb3a800 JavaThread "C2 CompilerThread0" daemon [_thread_blocked, id=15148, stack(0x00000000285f0000,0x00000000286f0000)]
  0x000000000eb39800 JavaThread "Attach Listener" daemon [_thread_blocked, id=19488, stack(0x00000000284d0000,0x00000000285d0000)]
  0x000000000eb32000 JavaThread "Signal Dispatcher" daemon [_thread_blocked, id=16348, stack(0x0000000028230000,0x0000000028330000)]
  0x0000000002711800 JavaThread "Finalizer" daemon [_thread_blocked, id=20476, stack(0x00000000280d0000,0x00000000281d0000)]
  0x000000000270f000 JavaThread "Reference Handler" daemon [_thread_blocked, id=18376, stack(0x0000000027f20000,0x0000000028020000)]
  0x000000000068e800 JavaThread "main" [_thread_blocked, id=16248, stack(0x0000000002720000,0x0000000002820000)]

Other Threads:
  0x000000000eab3800 VMThread [stack: 0x0000000027d80000,0x0000000027e80000] [id=20120]
  0x000000000eb72000 WatcherThread [stack: 0x0000000028a70000,0x0000000028b70000] [id=19548]

=>0x0000000002664800 (exited) GCTaskThread [stack: 0x0000000008340000,0x0000000008440000] [id=11400]

VM state:at safepoint (normal execution)

VM Mutex/Monitor currently owned by a thread:  ([mutex/lock_event])
[0x000000000068ca60] Threads_lock - owner thread: 0x000000000eab3800
[0x000000000068cf60] Heap_lock - owner thread: 0x0000000028d95800

Heap
 PSYoungGen      total 2184512K, used 2184507K [0x0000000700000000, 0x0000000800000000, 0x0000000800000000)
  eden space 2097152K, 100% used [0x0000000700000000,0x0000000780000000,0x0000000780000000)
  from space 87360K, 99% used [0x0000000780000000,0x000000078554ec08,0x0000000785550000)
  to   space 262592K, 99% used [0x00000007eff90000,0x00000007ffffdc60,0x0000000800000000)
 ParOldGen       total 1528192K, used 1528190K [0x0000000500000000, 0x000000055d460000, 0x0000000700000000)
  object space 1528192K, 99% used [0x0000000500000000,0x000000055d45f810,0x000000055d460000)
 PSPermGen       total 21248K, used 4085K [0x00000004fae00000, 0x00000004fc2c0000, 0x0000000500000000)
  object space 21248K, 19% used [0x00000004fae00000,0x00000004fb1fd6f8,0x00000004fc2c0000)

Card table byte_map: [0x0000000005970000,0x00000000071a0000] byte_map_base: 0x0000000003199000

Polling page: 0x0000000000170000

Code Cache  [0x0000000002970000, 0x0000000002be0000, 0x0000000005970000)
 total_blobs=382 nmethods=165 adapters=168 free_code_cache=48435Kb largest_free_block=49571712

Compilation events (10 events):
Event: 13.174 Thread 0x000000000eb3a800  157             java.util.concurrent.locks.AbstractQueuedSynchronizer::shouldParkAfterFailedAcquire (50 bytes)
Event: 13.182 Thread 0x000000000eb3a800 nmethod 157 0x0000000002a24cd0 code [0x0000000002a24e20, 0x0000000002a24f38]
Event: 13.186 Thread 0x000000000eb51000  158             java.util.concurrent.locks.AbstractQueuedSynchronizer::unparkSuccessor (84 bytes)
Event: 13.194 Thread 0x000000000eb51000 nmethod 158 0x0000000002a22ad0 code [0x0000000002a22c20, 0x0000000002a22d68]
Event: 13.546 Thread 0x000000000eb3a800  162             java.util.concurrent.locks.AbstractQueuedSynchronizer::compareAndSetTail (13 bytes)
Event: 13.547 Thread 0x000000000eb3a800 nmethod 162 0x0000000002a220d0 code [0x0000000002a22200, 0x0000000002a22298]
Event: 13.571 Thread 0x000000000eb51000  163             java.util.concurrent.locks.AbstractQueuedSynchronizer$Node::<init> (15 bytes)
Event: 13.573 Thread 0x000000000eb51000 nmethod 163 0x0000000002a25150 code [0x0000000002a25280, 0x0000000002a25318]
Event: 13.574 Thread 0x000000000eb3a800  164             java.util.concurrent.locks.AbstractQueuedSynchronizer::addWaiter (50 bytes)
Event: 13.581 Thread 0x000000000eb3a800 nmethod 164 0x00000000029f5290 code [0x00000000029f53e0, 0x00000000029f5588]

GC Heap History (10 events):
Event: 6.664 GC heap after
Heap after GC invocations=1 (full 0):
 PSYoungGen      total 611648K, used 705K [0x0000000700000000, 0x000000074aaa0000, 0x0000000800000000)
  eden space 524288K, 0% used [0x0000000700000000,0x0000000700000000,0x0000000720000000)
  from space 87360K, 0% used [0x0000000720000000,0x00000007200b0750,0x0000000725550000)
  to   space 87360K, 0% used [0x0000000745550000,0x0000000745550000,0x000000074aaa0000)
 ParOldGen       total 1398144K, used 765966K [0x0000000500000000, 0x0000000555560000, 0x0000000700000000)
  object space 1398144K, 54% used [0x0000000500000000,0x000000052ec03810,0x0000000555560000)
 PSPermGen       total 21248K, used 3953K [0x00000004fae00000, 0x00000004fc2c0000, 0x0000000500000000)
  object space 21248K, 18% used [0x00000004fae00000,0x00000004fb1dc668,0x00000004fc2c0000)
}
Event: 6.715 GC heap before
{Heap before GC invocations=2 (full 0):
 PSYoungGen      total 611648K, used 524993K [0x0000000700000000, 0x000000074aaa0000, 0x0000000800000000)
  eden space 524288K, 100% used [0x0000000700000000,0x0000000720000000,0x0000000720000000)
  from space 87360K, 0% used [0x0000000720000000,0x00000007200b0750,0x0000000725550000)
  to   space 87360K, 0% used [0x0000000745550000,0x0000000745550000,0x000000074aaa0000)
 ParOldGen       total 1398144K, used 765966K [0x0000000500000000, 0x0000000555560000, 0x0000000700000000)
  object space 1398144K, 54% used [0x0000000500000000,0x000000052ec03810,0x0000000555560000)
 PSPermGen       total 21248K, used 3955K [0x00000004fae00000, 0x00000004fc2c0000, 0x0000000500000000)
  object space 21248K, 18% used [0x00000004fae00000,0x00000004fb1dcc98,0x00000004fc2c0000)
Event: 6.764 GC heap after
Heap after GC invocations=2 (full 0):
 PSYoungGen      total 1135936K, used 799K [0x0000000700000000, 0x000000074aaa0000, 0x0000000800000000)
  eden space 1048576K, 0% used [0x0000000700000000,0x0000000700000000,0x0000000740000000)
  from space 87360K, 0% used [0x0000000745550000,0x0000000745617c00,0x000000074aaa0000)
  to   space 87360K, 0% used [0x0000000740000000,0x0000000740000000,0x0000000745550000)
 ParOldGen       total 1398144K, used 765966K [0x0000000500000000, 0x0000000555560000, 0x0000000700000000)
  object space 1398144K, 54% used [0x0000000500000000,0x000000052ec03810,0x0000000555560000)
 PSPermGen       total 21248K, used 3955K [0x00000004fae00000, 0x00000004fc2c0000, 0x0000000500000000)
  object space 21248K, 18% used [0x00000004fae00000,0x00000004fb1dcc98,0x00000004fc2c0000)
}
Event: 6.794 GC heap before
{Heap before GC invocations=3 (full 0):
 PSYoungGen      total 1135936K, used 1049375K [0x0000000700000000, 0x000000074aaa0000, 0x0000000800000000)
  eden space 1048576K, 100% used [0x0000000700000000,0x0000000740000000,0x0000000740000000)
  from space 87360K, 0% used [0x0000000745550000,0x0000000745617c00,0x000000074aaa0000)
  to   space 87360K, 0% used [0x0000000740000000,0x0000000740000000,0x0000000745550000)
 ParOldGen       total 1398144K, used 765966K [0x0000000500000000, 0x0000000555560000, 0x0000000700000000)
  object space 1398144K, 54% used [0x0000000500000000,0x000000052ec03810,0x0000000555560000)
 PSPermGen       total 21248K, used 3955K [0x00000004fae00000, 0x00000004fc2c0000, 0x0000000500000000)
  object space 21248K, 18% used [0x00000004fae00000,0x00000004fb1dcc98,0x00000004fc2c0000)
Event: 6.833 GC heap after
Heap after GC invocations=3 (full 0):
 PSYoungGen      total 1135936K, used 704K [0x0000000700000000, 0x000000078aaa0000, 0x0000000800000000)
  eden space 1048576K, 0% used [0x0000000700000000,0x0000000700000000,0x0000000740000000)
  from space 87360K, 0% used [0x0000000740000000,0x00000007400b0000,0x0000000745550000)
  to   space 87360K, 0% used [0x0000000785550000,0x0000000785550000,0x000000078aaa0000)
 ParOldGen       total 1398144K, used 765966K [0x0000000500000000, 0x0000000555560000, 0x0000000700000000)
  object space 1398144K, 54% used [0x0000000500000000,0x000000052ec03810,0x0000000555560000)
 PSPermGen       total 21248K, used 3955K [0x00000004fae00000, 0x00000004fc2c0000, 0x0000000500000000)
  object space 21248K, 18% used [0x00000004fae00000,0x00000004fb1dcc98,0x00000004fc2c0000)
}
Event: 7.460 GC heap before
{Heap before GC invocations=4 (full 0):
 PSYoungGen      total 1135936K, used 1049280K [0x0000000700000000, 0x000000078aaa0000, 0x0000000800000000)
  eden space 1048576K, 100% used [0x0000000700000000,0x0000000740000000,0x0000000740000000)
  from space 87360K, 0% used [0x0000000740000000,0x00000007400b0000,0x0000000745550000)
  to   space 87360K, 0% used [0x0000000785550000,0x0000000785550000,0x000000078aaa0000)
 ParOldGen       total 1398144K, used 765966K [0x0000000500000000, 0x0000000555560000, 0x0000000700000000)
  object space 1398144K, 54% used [0x0000000500000000,0x000000052ec03810,0x0000000555560000)
 PSPermGen       total 21248K, used 4065K [0x00000004fae00000, 0x00000004fc2c0000, 0x0000000500000000)
  object space 21248K, 19% used [0x00000004fae00000,0x00000004fb1f8580,0x00000004fc2c0000)
Event: 7.552 GC heap after
Heap after GC invocations=4 (full 0):
 PSYoungGen      total 2184512K, used 14464K [0x0000000700000000, 0x000000078aaa0000, 0x0000000800000000)
  eden space 2097152K, 0% used [0x0000000700000000,0x0000000700000000,0x0000000780000000)
  from space 87360K, 16% used [0x0000000785550000,0x0000000786370368,0x000000078aaa0000)
  to   space 87360K, 0% used [0x0000000780000000,0x0000000780000000,0x0000000785550000)
 ParOldGen       total 1398144K, used 765966K [0x0000000500000000, 0x0000000555560000, 0x0000000700000000)
  object space 1398144K, 54% used [0x0000000500000000,0x000000052ec03810,0x0000000555560000)
 PSPermGen       total 21248K, used 4065K [0x00000004fae00000, 0x00000004fc2c0000, 0x0000000500000000)
  object space 21248K, 19% used [0x00000004fae00000,0x00000004fb1f8580,0x00000004fc2c0000)
}
Event: 8.855 GC heap before
{Heap before GC invocations=5 (full 0):
 PSYoungGen      total 2184512K, used 2111616K [0x0000000700000000, 0x000000078aaa0000, 0x0000000800000000)
  eden space 2097152K, 100% used [0x0000000700000000,0x0000000780000000,0x0000000780000000)
  from space 87360K, 16% used [0x0000000785550000,0x0000000786370368,0x000000078aaa0000)
  to   space 87360K, 0% used [0x0000000780000000,0x0000000780000000,0x0000000785550000)
 ParOldGen       total 1398144K, used 765966K [0x0000000500000000, 0x0000000555560000, 0x0000000700000000)
  object space 1398144K, 54% used [0x0000000500000000,0x000000052ec03810,0x0000000555560000)
 PSPermGen       total 21248K, used 4083K [0x00000004fae00000, 0x00000004fc2c0000, 0x0000000500000000)
  object space 21248K, 19% used [0x00000004fae00000,0x00000004fb1fcf38,0x00000004fc2c0000)
Event: 11.067 GC heap after
Heap after GC invocations=5 (full 0):
 PSYoungGen      total 2184512K, used 87355K [0x0000000700000000, 0x0000000800000000, 0x0000000800000000)
  eden space 2097152K, 0% used [0x0000000700000000,0x0000000700000000,0x0000000780000000)
  from space 87360K, 99% used [0x0000000780000000,0x000000078554ec08,0x0000000785550000)
  to   space 262592K, 0% used [0x00000007eff90000,0x00000007eff90000,0x0000000800000000)
 ParOldGen       total 1398144K, used 1053582K [0x0000000500000000, 0x0000000555560000, 0x0000000700000000)
  object space 1398144K, 75% used [0x0000000500000000,0x00000005404e3810,0x0000000555560000)
 PSPermGen       total 21248K, used 4083K [0x00000004fae00000, 0x00000004fc2c0000, 0x0000000500000000)
  object space 21248K, 19% used [0x00000004fae00000,0x00000004fb1fcf38,0x00000004fc2c0000)
}
Event: 13.843 GC heap before
{Heap before GC invocations=6 (full 0):
 PSYoungGen      total 2184512K, used 2184507K [0x0000000700000000, 0x0000000800000000, 0x0000000800000000)
  eden space 2097152K, 100% used [0x0000000700000000,0x0000000780000000,0x0000000780000000)
  from space 87360K, 99% used [0x0000000780000000,0x000000078554ec08,0x0000000785550000)
  to   space 262592K, 0% used [0x00000007eff90000,0x00000007eff90000,0x0000000800000000)
 ParOldGen       total 1398144K, used 1053582K [0x0000000500000000, 0x0000000555560000, 0x0000000700000000)
  object space 1398144K, 75% used [0x0000000500000000,0x00000005404e3810,0x0000000555560000)
 PSPermGen       total 21248K, used 4085K [0x00000004fae00000, 0x00000004fc2c0000, 0x0000000500000000)
  object space 21248K, 19% used [0x00000004fae00000,0x00000004fb1fd6f8,0x00000004fc2c0000)

Deoptimization events (0 events):
No events

Internal exceptions (10 events):
Event: 0.569 Thread 0x000000000068e800 Threw 0x000000070012e2e8 at C:\jdk7u2_64p\jdk7u21\hotspot\src\share\vm\prims\jvm.cpp:1166
Event: 0.570 Thread 0x000000000068e800 Threw 0x0000000700131808 at C:\jdk7u2_64p\jdk7u21\hotspot\src\share\vm\prims\jvm.cpp:1166
Event: 0.660 Thread 0x000000000068e800 Threw 0x0000000700139f78 at C:\jdk7u2_64p\jdk7u21\hotspot\src\share\vm\prims\jvm.cpp:1166
Event: 0.664 Thread 0x000000000068e800 Threw 0x000000070014ee28 at C:\jdk7u2_64p\jdk7u21\hotspot\src\share\vm\prims\jvm.cpp:1166
Event: 0.668 Thread 0x000000000068e800 Threw 0x0000000700154050 at C:\jdk7u2_64p\jdk7u21\hotspot\src\share\vm\prims\jvm.cpp:1166
Event: 6.322 Thread 0x000000000068e800 Threw 0x000000070015b4a8 at C:\jdk7u2_64p\jdk7u21\hotspot\src\share\vm\prims\jvm.cpp:1166
Event: 6.335 Thread 0x000000000068e800 Threw 0x00000007001602d8 at C:\jdk7u2_64p\jdk7u21\hotspot\src\share\vm\prims\jvm.cpp:1166
Event: 6.338 Thread 0x000000000068e800 Threw 0x0000000700161fe8 at C:\jdk7u2_64p\jdk7u21\hotspot\src\share\vm\prims\jvm.cpp:1166
Event: 6.347 Thread 0x000000000eb52800 Threw 0x0000000700a3db68 at C:\jdk7u2_64p\jdk7u21\hotspot\src\share\vm\prims\jvm.cpp:1166
Event: 7.353 Thread 0x000000000068e800 Threw 0x000000072b165c08 at C:\jdk7u2_64p\jdk7u21\hotspot\src\share\vm\prims\jvm.cpp:1166

Events (10 events):
Event: 7.553 Executing VM operation: RevokeBias done
Event: 7.554 Executing VM operation: RevokeBias
Event: 7.574 Executing VM operation: RevokeBias done
Event: 7.856 loading class 0x00000000026d1af0
Event: 7.856 loading class 0x00000000026d1af0 done
Event: 7.960 loading class 0x000000000eb9e3a0
Event: 7.960 loading class 0x000000000eb9e3a0 done
Event: 8.855 Executing VM operation: ParallelGCFailedAllocation
Event: 11.067 Executing VM operation: ParallelGCFailedAllocation done
Event: 13.842 Executing VM operation: ParallelGCFailedAllocation


Dynamic libraries:
0x000000013f4d0000 - 0x000000013f503000 	C:\Program Files\Java\jdk1.7.0_21\bin\javaw.exe
0x00000000778f0000 - 0x0000000077a99000 	C:\Windows\SYSTEM32\ntdll.dll
0x0000000068740000 - 0x000000006878e000 	C:\Program Files\AVAST Software\Avast\snxhk64.dll
0x00000000776d0000 - 0x00000000777ef000 	C:\Windows\system32\KERNEL32.dll
0x000007fefd8a0000 - 0x000007fefd90b000 	C:\Windows\system32\KERNELBASE.dll
0x000007feff950000 - 0x000007feffa2b000 	C:\Windows\system32\ADVAPI32.dll
0x000007feffa30000 - 0x000007feffacf000 	C:\Windows\system32\msvcrt.dll
0x000007fefec50000 - 0x000007fefec6f000 	C:\Windows\SYSTEM32\sechost.dll
0x000007feff100000 - 0x000007feff22d000 	C:\Windows\system32\RPCRT4.dll
0x00000000777f0000 - 0x00000000778ea000 	C:\Windows\system32\USER32.dll
0x000007feff700000 - 0x000007feff767000 	C:\Windows\system32\GDI32.dll
0x000007fefdeb0000 - 0x000007fefdebe000 	C:\Windows\system32\LPK.dll
0x000007feff620000 - 0x000007feff6e9000 	C:\Windows\system32\USP10.dll
0x000007fefc890000 - 0x000007fefca84000 	C:\Windows\WinSxS\amd64_microsoft.windows.common-controls_6595b64144ccf1df_6.0.7601.17514_none_fa396087175ac9ac\COMCTL32.dll
0x000007feffb80000 - 0x000007feffbf1000 	C:\Windows\system32\SHLWAPI.dll
0x000007feffad0000 - 0x000007feffafe000 	C:\Windows\system32\IMM32.DLL
0x000007fefec70000 - 0x000007fefed79000 	C:\Windows\system32\MSCTF.dll
0x000007fefd680000 - 0x000007fefd6c6000 	C:\Windows\system32\nvinitx.dll
0x000000000f000000 - 0x000000000f006000 	C:\Program Files\NVIDIA Corporation\CoProcManager\_etoured.dll
0x000007fef9d40000 - 0x000007fef9d95000 	C:\Program Files\NVIDIA Corporation\CoProcManager\nvd3d9wrapx.dll
0x000007feff770000 - 0x000007feff947000 	C:\Windows\system32\SETUPAPI.dll
0x000007fefd910000 - 0x000007fefd946000 	C:\Windows\system32\CFGMGR32.dll
0x000007fefefb0000 - 0x000007feff087000 	C:\Windows\system32\OLEAUT32.dll
0x000007fefdca0000 - 0x000007fefdea3000 	C:\Windows\system32\ole32.dll
0x000007fefd820000 - 0x000007fefd83a000 	C:\Windows\system32\DEVOBJ.dll
0x000007fef9d00000 - 0x000007fef9d3d000 	C:\Program Files\NVIDIA Corporation\CoProcManager\nvdxgiwrapx.dll
0x000000005f3a0000 - 0x000000005f471000 	C:\Program Files\Java\jdk1.7.0_21\jre\bin\msvcr100.dll
0x0000000050220000 - 0x0000000050941000 	C:\Program Files\Java\jdk1.7.0_21\jre\bin\server\jvm.dll
0x000007fef9e70000 - 0x000007fef9e79000 	C:\Windows\system32\WSOCK32.dll
0x000007feff090000 - 0x000007feff0dd000 	C:\Windows\system32\WS2_32.dll
0x000007feff6f0000 - 0x000007feff6f8000 	C:\Windows\system32\NSI.dll
0x000007fefb420000 - 0x000007fefb45b000 	C:\Windows\system32\WINMM.dll
0x0000000077ab0000 - 0x0000000077ab7000 	C:\Windows\system32\PSAPI.DLL
0x0000000074f10000 - 0x0000000074f1f000 	C:\Program Files\Java\jdk1.7.0_21\jre\bin\verify.dll
0x0000000072d80000 - 0x0000000072da8000 	C:\Program Files\Java\jdk1.7.0_21\jre\bin\java.dll
0x0000000072d60000 - 0x0000000072d75000 	C:\Program Files\Java\jdk1.7.0_21\jre\bin\zip.dll
0x000007fefd100000 - 0x000007fefd117000 	C:\Windows\system32\CRYPTSP.dll
0x000007fefcbc0000 - 0x000007fefcc07000 	C:\Windows\system32\rsaenh.dll
0x000007fefc4b0000 - 0x000007fefc4ce000 	C:\Windows\system32\USERENV.dll
0x000007fefd6d0000 - 0x000007fefd6df000 	C:\Windows\system32\profapi.dll
0x000007fefd570000 - 0x000007fefd57f000 	C:\Windows\system32\CRYPTBASE.dll
0x0000000072d00000 - 0x0000000072d19000 	C:\Program Files\Java\jdk1.7.0_21\jre\bin\net.dll
0x000007fefce80000 - 0x000007fefced5000 	C:\Windows\system32\mswsock.dll
0x000007fefcee0000 - 0x000007fefcee7000 	C:\Windows\System32\wship6.dll
0x000007fefb630000 - 0x000007fefb645000 	C:\Windows\system32\NLAapi.dll
0x000007fef7970000 - 0x000007fef7985000 	C:\Windows\system32\napinsp.dll
0x000007fef7990000 - 0x000007fef79a9000 	C:\Windows\system32\pnrpnsp.dll
0x000007fefcd10000 - 0x000007fefcd6b000 	C:\Windows\system32\DNSAPI.dll
0x000007fef7910000 - 0x000007fef791b000 	C:\Windows\System32\winrnr.dll
0x000007fef7f30000 - 0x000007fef7f5e000 	C:\Program Files\Common Files\Microsoft Shared\Windows Live\WLIDNSP.DLL
0x0000000072760000 - 0x0000000072795000 	C:\Program Files\Bonjour\mdnsNSP.dll
0x000007fefa710000 - 0x000007fefa737000 	C:\Windows\system32\Iphlpapi.DLL
0x000007fefa6a0000 - 0x000007fefa6ab000 	C:\Windows\system32\WINNSI.DLL
0x000007fefc300000 - 0x000007fefc307000 	C:\Windows\System32\wshtcpip.dll
0x000007fef7ed0000 - 0x000007fef7ed8000 	C:\Windows\system32\rasadhlp.dll
0x000007fefa5e0000 - 0x000007fefa633000 	C:\Windows\System32\fwpuclnt.dll
0x0000000072ce0000 - 0x0000000072cf1000 	C:\Program Files\Java\jdk1.7.0_21\jre\bin\nio.dll

VM Arguments:
jvm_args: -Xmx12g -Xms2g -Dfile.encoding=Cp1252 
java_command: blackdoor.util.Test
Launcher Type: SUN_STANDARD

Environment Variables:
CLASSPATH=.;C:\Program Files (x86)\Java\jre7\lib\ext\QTJava.zip;C:\Program Files (x86)\Java\mysql-connector-java-5.1.24\mysql-connector-java-5.1.24-bin.jar
PATH=c:\altera\12.0sp2\quartus\bin;C:\Windows;C:\Windows\system32;C:\Windows\System32\Wbem;C:\Windows\System32\WindowsPowerShell\v1.0\;C:\Console;C:\cygwin\bin;C:\iverilog\bin;C:\PATH\;C:\Program Files (x86)\Calibre2\;C:\Program Files (x86)\Common Files\Lenovo;C:\Program Files (x86)\Common Files\Microsoft Shared\Windows Live;C:\Program Files (x86)\Common Files\Ulead Systems\MPEG;C:\Program Files (x86)\GNU\GnuPG\pub;C:\Program Files (x86)\Intel\Services\IPT\;C:\Program Files (x86)\Microsoft ASP.NET\ASP.NET Web Pages\v1.0\;c:\Program Files (x86)\Microsoft SQL Server\100\Tools\Binn\;C:\Program Files (x86)\NVIDIA Corporation\PhysX\Common;C:\Program Files (x86)\PakkISO\;C:\Program Files (x86)\QuickTime\QTSystem\;C:\Program Files (x86)\Symantec\VIP Access Client\;C:\Program Files (x86)\VideoLAN\VLC\;C:\Program Files (x86)\Windows Kits\8.0\Windows Performance Toolkit\;C:\Program Files (x86)\Windows Live\Shared;C:\Program Files (x86)\WinMerge;C:\Program Files\Common Files\Intel\WirelessCommon\;C:\Program Files\Common Files\Microsoft Shared\Windows Live;C:\Program Files\Intel\WiFi\bin\;C:\Program Files\Java\jdk1.7.0_11\bin;c:\Program Files\Microsoft SQL Server\100\DTS\Binn\;c:\Program Files\Microsoft SQL Server\100\Tools\Binn\;C:\Program Files\Microsoft SQL Server\110\Tools\Binn\;C:\Program Files\Microsoft\Web Platform Installer\;C:\SWTOOLS\ReadyApps; ;C:\Chocolatey\bin;C:\Users\kAG0\Perforce;.;;.;
USERNAME=kAG0
OS=Windows_NT
PROCESSOR_IDENTIFIER=Intel64 Family 6 Model 42 Stepping 7, GenuineIntel



---------------  S Y S T E M  ---------------

OS: Windows 7 , 64 bit Build 7601 Service Pack 1

CPU:total 4 (2 cores per cpu, 2 threads per core) family 6 model 42 stepping 7, cmov, cx8, fxsr, mmx, sse, sse2, sse3, ssse3, sse4.1, sse4.2, popcnt, avx, ht, tsc, tscinvbit

Memory: 4k page, physical 8157424k(1712524k free), swap 12382636k(3464k free)

vm_info: Java HotSpot(TM) 64-Bit Server VM (23.21-b01) for windows-amd64 JRE (1.7.0_21-b11), built on Apr  4 2013 08:11:28 by "java_re" with unknown MS VC++:1600

time: Fri Sep 27 16:29:05 2013
elapsed time: 18 seconds

